[debug] [2022-06-02T17:16:24.919Z] ----------------------------------------------------------------------
[debug] [2022-06-02T17:16:24.922Z] Command:       C:\Program Files\nodejs\node.exe C:\Users\lando\AppData\Roaming\npm\node_modules\firebase-tools\lib\bin\firebase.js init
[debug] [2022-06-02T17:16:24.922Z] CLI Version:   11.0.1
[debug] [2022-06-02T17:16:24.923Z] Platform:      win32
[debug] [2022-06-02T17:16:24.923Z] Node Version:  v16.13.2
[debug] [2022-06-02T17:16:24.924Z] Time:          Thu Jun 02 2022 14:16:24 GMT-0300 (hora estándar de Argentina)
[debug] [2022-06-02T17:16:24.924Z] ----------------------------------------------------------------------
[debug] 
[debug] [2022-06-02T17:16:24.935Z] > command requires scopes: ["email","openid","https://www.googleapis.com/auth/cloudplatformprojects.readonly","https://www.googleapis.com/auth/firebase","https://www.googleapis.com/auth/cloud-platform"]
[debug] [2022-06-02T17:16:24.935Z] > authorizing via signed-in user (fraland2710@gmail.com)
[info] 
     ######## #### ########  ######## ########     ###     ######  ########
     ##        ##  ##     ## ##       ##     ##  ##   ##  ##       ##
     ######    ##  ########  ######   ########  #########  ######  ######
     ##        ##  ##    ##  ##       ##     ## ##     ##       ## ##
     ##       #### ##     ## ######## ########  ##     ##  ######  ########

You're about to initialize a Firebase project in this directory:

  C:\Users\lando\documents\yo\vinci\vinci\kanban

[info] 
=== Project Setup
[info] 
[info] First, let's associate this project directory with a Firebase project.
[info] You can create multiple project aliases by running firebase use --add, 
[info] but for now we'll just set up a default project.
[info] 
